<?xml version="1.0" encoding="UTF-8"?>
<testsuite xmlns:xsi="http://www.w3.org/2001/XMLSchema-instance" xsi:noNamespaceSchemaLocation="https://maven.apache.org/surefire/maven-surefire-plugin/xsd/surefire-test-report.xsd" name="TestSuite" time="168.661" tests="8" errors="0" skipped="0" failures="5">
  <properties>
[...]
</properties>
  <testcase name="openCasinoPage" classname="tests.CasinoPageTests" time="7.655">
    <failure message="Element should have text &apos;Ô³Ô¼Ô½Ô±ÕŽÕˆÕ�&apos; {div &gt; a.active}&#10;Element: &apos;&lt;a aria-current=&quot;page&quot; class=&quot;active&quot; href=&quot;/casino&quot; type&gt;ԳԼԽԱՎՈՐ&lt;/a&gt;&apos;&#10;Timeout: 4 s." type="com.codeborne.selenide.ex.ElementShould"><![CDATA[com.codeborne.selenide.ex.ElementShould: 
Element should have text 'Ô³Ô¼Ô½Ô±ÕŽÕˆÕ�' {div > a.active}
Element: '<a aria-current="page" class="active" href="/casino" type>ԳԼԽԱՎՈՐ</a>'
Timeout: 4 s.
	at tests.CasinoPageTests.openCasinoPage(CasinoPageTests.java:18)
]]></failure>
    <system-err><![CDATA[[main] INFO com.codeborne.selenide.impl.WebDriverThreadLocalContainer - No webdriver is bound to current thread: 1 - let's create a new webdriver
[main] INFO com.codeborne.selenide.impl.FileHelper - Creating folder: C:\Users\Dav\IdeaProjects\demo_test\build\downloads\1613210900178_8652_1
[main] INFO io.github.bonigarcia.wdm.WebDriverManager - Using chromedriver 88.0.4324.96 (resolved driver for Chrome 88)
[main] INFO io.github.bonigarcia.wdm.WebDriverManager - Exporting webdriver.chrome.driver as C:\Users\Dav\.cache\selenium\chromedriver\win32\88.0.4324.96\chromedriver.exe
[main] INFO com.codeborne.selenide.webdriver.AbstractDriverFactory - Write webdriver logs to: C:\Users\Dav\IdeaProjects\demo_test\build\reports\tests\webdriver.1613210902233_8652_1.log
Starting ChromeDriver 88.0.4324.96 (68dba2d8a0b149a1d3afac56fa74648032bcf46b-refs/branch-heads/4324@{#1784}) on port 10558
Only local connections are allowed.
Please see https://chromedriver.chromium.org/security-considerations for suggestions on keeping ChromeDriver safe.
ChromeDriver was started successfully.
Feb 13, 2021 2:08:26 PM org.openqa.selenium.remote.ProtocolHandshake createSession
INFO: Detected dialect: W3C
[main] INFO com.codeborne.selenide.webdriver.BrowserResizer - Set browser size to 375x812
[main] INFO com.codeborne.selenide.webdriver.WebDriverFactory - BrowserName=chrome Version=88.0.4324.150 Platform=WINDOWS
[main] INFO com.codeborne.selenide.webdriver.WebDriverFactory - Selenide v. 5.16.2
[main] INFO com.codeborne.selenide.webdriver.WebDriverFactory - Selenium WebDriver v. 3.141.59 build time: 2018-11-14T08:17:03
[main] INFO com.codeborne.selenide.drivercommands.CreateDriverCommand - Create webdriver in current thread 1: ChromeDriver -> ChromeDriver: chrome on WINDOWS (df50ef8d7da4f56322875f5492d58419)
]]></system-err>
  </testcase>
  <testcase name="changeAppLanguageToArmenian" classname="tests.MainPageTests" time="5.39">
    <failure message="Element should have text &apos;Õ„Õ¸Ö‚Õ¿Ö„&apos; {.right-top-nav-new-h:nth-child(2)}&#10;Element: &apos;&lt;span class=&quot;right-top-nav-new-h&quot;&gt;ՄՈՒՏՔ&lt;/span&gt;&apos;&#10;Timeout: 4 s." type="com.codeborne.selenide.ex.ElementShould"><![CDATA[com.codeborne.selenide.ex.ElementShould: 
Element should have text 'Õ„Õ¸Ö‚Õ¿Ö„' {.right-top-nav-new-h:nth-child(2)}
Element: '<span class="right-top-nav-new-h">ՄՈՒՏՔ</span>'
Timeout: 4 s.
	at tests.MainPageTests.changeAppLanguageToArmenian(MainPageTests.java:29)
]]></failure>
    <system-err><![CDATA[[main] INFO com.codeborne.selenide.drivercommands.CloseDriverCommand - Close webdriver: 1 -> ChromeDriver: chrome on WINDOWS (df50ef8d7da4f56322875f5492d58419)...
[main] INFO com.codeborne.selenide.drivercommands.CloseDriverCommand - Closed webdriver 1 in 1110 ms
[main] INFO com.codeborne.selenide.impl.WebDriverThreadLocalContainer - No webdriver is bound to current thread: 1 - let's create a new webdriver
[main] INFO com.codeborne.selenide.impl.FileHelper - Creating folder: C:\Users\Dav\IdeaProjects\demo_test\build\downloads\1613210930892_8652_1
[main] INFO com.codeborne.selenide.webdriver.AbstractDriverFactory - Write webdriver logs to: C:\Users\Dav\IdeaProjects\demo_test\build\reports\tests\webdriver.1613210930894_8652_1.log
Starting ChromeDriver 88.0.4324.96 (68dba2d8a0b149a1d3afac56fa74648032bcf46b-refs/branch-heads/4324@{#1784}) on port 11518
Only local connections are allowed.
Please see https://chromedriver.chromium.org/security-considerations for suggestions on keeping ChromeDriver safe.
ChromeDriver was started successfully.
Feb 13, 2021 2:08:52 PM org.openqa.selenium.remote.ProtocolHandshake createSession
INFO: Detected dialect: W3C
[main] INFO com.codeborne.selenide.webdriver.BrowserResizer - Set browser size to 375x812
[main] INFO com.codeborne.selenide.webdriver.WebDriverFactory - BrowserName=chrome Version=88.0.4324.150 Platform=WINDOWS
[main] INFO com.codeborne.selenide.webdriver.WebDriverFactory - Selenide v. 5.16.2
[main] INFO com.codeborne.selenide.webdriver.WebDriverFactory - Selenium WebDriver v. 3.141.59 build time: 2018-11-14T08:17:03
[main] INFO com.codeborne.selenide.drivercommands.CreateDriverCommand - Create webdriver in current thread 1: ChromeDriver -> ChromeDriver: chrome on WINDOWS (82ea82e1adefb55d34da14686ab76e10)
]]></system-err>
  </testcase>
  <testcase name="changeAppLanguageToEnglish" classname="tests.MainPageTests" time="11.935"/>
  <testcase name="changeAppLanguageToGeorgian" classname="tests.MainPageTests" time="4.958"/>
  <testcase name="changeAppLanguageToPersian" classname="tests.MainPageTests" time="4.715">
    <failure message="Element should have text &apos;ÙˆØ±ÙˆØ¯ Ø¨Ù‡ Ø­Ø³Ø§Ø¨ Ú©Ø§Ø±Ø¨Ø±ÛŒ&apos; {.right-top-nav-new-h:nth-child(2)}&#10;Element: &apos;&lt;span class=&quot;right-top-nav-new-h&quot;&gt;ورود به حساب کاربری&lt;/span&gt;&apos;&#10;Timeout: 4 s." type="com.codeborne.selenide.ex.ElementShould"><![CDATA[com.codeborne.selenide.ex.ElementShould: 
Element should have text 'ÙˆØ±ÙˆØ¯ Ø¨Ù‡ Ø­Ø³Ø§Ø¨ Ú©Ø§Ø±Ø¨Ø±ÛŒ' {.right-top-nav-new-h:nth-child(2)}
Element: '<span class="right-top-nav-new-h">ورود به حساب کاربری</span>'
Timeout: 4 s.
	at tests.MainPageTests.changeAppLanguageToPersian(MainPageTests.java:43)
]]></failure>
    <system-err><![CDATA[[main] INFO com.codeborne.selenide.drivercommands.CloseDriverCommand - Close webdriver: 1 -> ChromeDriver: chrome on WINDOWS (8d5a4090f66aadef5b923496ed906da0)...
[main] INFO com.codeborne.selenide.drivercommands.CloseDriverCommand - Closed webdriver 1 in 785 ms
[main] INFO com.codeborne.selenide.impl.WebDriverThreadLocalContainer - No webdriver is bound to current thread: 1 - let's create a new webdriver
[main] INFO com.codeborne.selenide.impl.FileHelper - Creating folder: C:\Users\Dav\IdeaProjects\demo_test\build\downloads\1613210990431_8652_1
[main] INFO com.codeborne.selenide.webdriver.AbstractDriverFactory - Write webdriver logs to: C:\Users\Dav\IdeaProjects\demo_test\build\reports\tests\webdriver.1613210990434_8652_1.log
Starting ChromeDriver 88.0.4324.96 (68dba2d8a0b149a1d3afac56fa74648032bcf46b-refs/branch-heads/4324@{#1784}) on port 15265
Only local connections are allowed.
Please see https://chromedriver.chromium.org/security-considerations for suggestions on keeping ChromeDriver safe.
ChromeDriver was started successfully.
Feb 13, 2021 2:09:51 PM org.openqa.selenium.remote.ProtocolHandshake createSession
INFO: Detected dialect: W3C
[main] INFO com.codeborne.selenide.webdriver.BrowserResizer - Set browser size to 375x812
[main] INFO com.codeborne.selenide.webdriver.WebDriverFactory - BrowserName=chrome Version=88.0.4324.150 Platform=WINDOWS
[main] INFO com.codeborne.selenide.webdriver.WebDriverFactory - Selenide v. 5.16.2
[main] INFO com.codeborne.selenide.webdriver.WebDriverFactory - Selenium WebDriver v. 3.141.59 build time: 2018-11-14T08:17:03
[main] INFO com.codeborne.selenide.drivercommands.CreateDriverCommand - Create webdriver in current thread 1: ChromeDriver -> ChromeDriver: chrome on WINDOWS (0abf3c2b6dc1aed0ffe489868312ef0a)
]]></system-err>
  </testcase>
  <testcase name="changeAppLanguageToRussian" classname="tests.MainPageTests" time="5.314">
    <failure message="Element should have text &apos;Ð›Ð¾Ð³Ð¸Ð½&apos; {.right-top-nav-new-h:nth-child(2)}&#10;Element: &apos;&lt;span class=&quot;right-top-nav-new-h&quot;&gt;ЛОГИН&lt;/span&gt;&apos;&#10;Timeout: 4 s." type="com.codeborne.selenide.ex.ElementShould"><![CDATA[com.codeborne.selenide.ex.ElementShould: 
Element should have text 'Ð›Ð¾Ð³Ð¸Ð½' {.right-top-nav-new-h:nth-child(2)}
Element: '<span class="right-top-nav-new-h">ЛОГИН</span>'
Timeout: 4 s.
	at tests.MainPageTests.changeAppLanguageToRussian(MainPageTests.java:22)
]]></failure>
    <system-err><![CDATA[[main] INFO com.codeborne.selenide.drivercommands.CloseDriverCommand - Close webdriver: 1 -> ChromeDriver: chrome on WINDOWS (0abf3c2b6dc1aed0ffe489868312ef0a)...
[main] INFO com.codeborne.selenide.drivercommands.CloseDriverCommand - Closed webdriver 1 in 693 ms
[main] INFO com.codeborne.selenide.impl.WebDriverThreadLocalContainer - No webdriver is bound to current thread: 1 - let's create a new webdriver
[main] INFO com.codeborne.selenide.impl.FileHelper - Creating folder: C:\Users\Dav\IdeaProjects\demo_test\build\downloads\1613211010524_8652_1
[main] INFO com.codeborne.selenide.webdriver.AbstractDriverFactory - Write webdriver logs to: C:\Users\Dav\IdeaProjects\demo_test\build\reports\tests\webdriver.1613211010528_8652_1.log
Starting ChromeDriver 88.0.4324.96 (68dba2d8a0b149a1d3afac56fa74648032bcf46b-refs/branch-heads/4324@{#1784}) on port 29715
Only local connections are allowed.
Please see https://chromedriver.chromium.org/security-considerations for suggestions on keeping ChromeDriver safe.
ChromeDriver was started successfully.
Feb 13, 2021 2:10:11 PM org.openqa.selenium.remote.ProtocolHandshake createSession
INFO: Detected dialect: W3C
[main] INFO com.codeborne.selenide.webdriver.BrowserResizer - Set browser size to 375x812
[main] INFO com.codeborne.selenide.webdriver.WebDriverFactory - BrowserName=chrome Version=88.0.4324.150 Platform=WINDOWS
[main] INFO com.codeborne.selenide.webdriver.WebDriverFactory - Selenide v. 5.16.2
[main] INFO com.codeborne.selenide.webdriver.WebDriverFactory - Selenium WebDriver v. 3.141.59 build time: 2018-11-14T08:17:03
[main] INFO com.codeborne.selenide.drivercommands.CreateDriverCommand - Create webdriver in current thread 1: ChromeDriver -> ChromeDriver: chrome on WINDOWS (f17d224f5d9868b4db982192fa0aef2c)
]]></system-err>
  </testcase>
  <testcase name="logInTest" classname="tests.MainPageTests" time="6.829"/>
  <testcase name="changeUserPasswordTest" classname="tests.UserProfileTests" time="5.552">
    <failure message="Element should be enabled {.button-view-normal-m:not(.trans-m)}&#10;Element: &apos;&lt;button class=&quot;button-view-normal-m with-mini-loader&quot; disabled type=&quot;submit&quot; value&gt;ՄՈՒՏՔ&lt;/button&gt;&apos;&#10;Actual value: disabled&#10;Timeout: 4 s." type="com.codeborne.selenide.ex.ElementShould"><![CDATA[com.codeborne.selenide.ex.ElementShould: 
Element should be enabled {.button-view-normal-m:not(.trans-m)}
Element: '<button class="button-view-normal-m with-mini-loader" disabled type="submit" value>ՄՈՒՏՔ</button>'
Actual value: disabled
Timeout: 4 s.
	at tests.UserProfileTests.changeUserPasswordTest(UserProfileTests.java:19)
]]></failure>
    <system-err><![CDATA[[main] INFO com.codeborne.selenide.drivercommands.CloseDriverCommand - Close webdriver: 1 -> ChromeDriver: chrome on WINDOWS (8829f928948d67350605d23e6cb6ee90)...
[main] INFO com.codeborne.selenide.drivercommands.CloseDriverCommand - Closed webdriver 1 in 745 ms
[main] INFO com.codeborne.selenide.impl.WebDriverThreadLocalContainer - No webdriver is bound to current thread: 1 - let's create a new webdriver
[main] INFO com.codeborne.selenide.impl.FileHelper - Creating folder: C:\Users\Dav\IdeaProjects\demo_test\build\downloads\1613211050082_8652_1
[main] INFO com.codeborne.selenide.webdriver.AbstractDriverFactory - Write webdriver logs to: C:\Users\Dav\IdeaProjects\demo_test\build\reports\tests\webdriver.1613211050086_8652_1.log
Starting ChromeDriver 88.0.4324.96 (68dba2d8a0b149a1d3afac56fa74648032bcf46b-refs/branch-heads/4324@{#1784}) on port 2885
Only local connections are allowed.
Please see https://chromedriver.chromium.org/security-considerations for suggestions on keeping ChromeDriver safe.
ChromeDriver was started successfully.
Feb 13, 2021 2:10:51 PM org.openqa.selenium.remote.ProtocolHandshake createSession
INFO: Detected dialect: W3C
[main] INFO com.codeborne.selenide.webdriver.BrowserResizer - Set browser size to 375x812
[main] INFO com.codeborne.selenide.webdriver.WebDriverFactory - BrowserName=chrome Version=88.0.4324.150 Platform=WINDOWS
[main] INFO com.codeborne.selenide.webdriver.WebDriverFactory - Selenide v. 5.16.2
[main] INFO com.codeborne.selenide.webdriver.WebDriverFactory - Selenium WebDriver v. 3.141.59 build time: 2018-11-14T08:17:03
[main] INFO com.codeborne.selenide.drivercommands.CreateDriverCommand - Create webdriver in current thread 1: ChromeDriver -> ChromeDriver: chrome on WINDOWS (deeaac85e6eee987386f3f0ecb1a518b)
]]></system-err>
  </testcase>
</testsuite>